Replace Part C? GRM155R61H474KE11D in E:\work\Abdulla_Job\POE_Project\POE_Sheet.SchDoc with GRM155R61H474KE11D from POE_Schlib.SchLib
Replace Part C? GRM155R60J475ME47D in E:\work\Abdulla_Job\POE_Project\POE_Sheet.SchDoc with GRM155R60J475ME47D from POE_Schlib.SchLib
Replace Part C? OPT_C in E:\work\Abdulla_Job\POE_Project\POE_Sheet.SchDoc with OPT_C from POE_Schlib.SchLib
Replace Part C? GRM155R61E103KA01D in E:\work\Abdulla_Job\POE_Project\POE_Sheet.SchDoc with GRM155R61E103KA01D from POE_Schlib.SchLib
Replace Part C? TPSC476K016R0350 in E:\work\Abdulla_Job\POE_Project\POE_Sheet.SchDoc with TPSC476K016R0350 from POE_Schlib.SchLib
Replace Part C? GRM155R71H104KE14J in E:\work\Abdulla_Job\POE_Project\POE_Sheet.SchDoc with GRM155R71H104KE14J from POE_Schlib.SchLib
Replace Part D? MM3Z8V2ST1G in E:\work\Abdulla_Job\POE_Project\POE_Sheet.SchDoc with MM3Z8V2ST1G from POE_Schlib.SchLib
Replace Part D? BAS516-TP in E:\work\Abdulla_Job\POE_Project\POE_Sheet.SchDoc with BAS516-TP from POE_Schlib.SchLib
Replace Part D? 1N4148WS-7-F in E:\work\Abdulla_Job\POE_Project\POE_Sheet.SchDoc with 1N4148WS-7-F from POE_Schlib.SchLib
Replace Part D? 1N4148WS-7-F in E:\work\Abdulla_Job\POE_Project\POE_Sheet.SchDoc with 1N4148WS-7-F from POE_Schlib.SchLib
Replace Part D? 1N4148WS-7-F in E:\work\Abdulla_Job\POE_Project\POE_Sheet.SchDoc with 1N4148WS-7-F from POE_Schlib.SchLib
Replace Part D? SMAJ58A-13-F in E:\work\Abdulla_Job\POE_Project\POE_Sheet.SchDoc with SMAJ58A-13-F from POE_Schlib.SchLib
Replace Part D? HD01-T in E:\work\Abdulla_Job\POE_Project\POE_Sheet.SchDoc with HD01-T from POE_Schlib.SchLib
Replace Part D? HD01-T in E:\work\Abdulla_Job\POE_Project\POE_Sheet.SchDoc with HD01-T from POE_Schlib.SchLib
Replace Part E? E_PAD in E:\work\Abdulla_Job\POE_Project\POE_Sheet.SchDoc with E_PAD from POE_Schlib.SchLib
Replace Part E? E_PAD in E:\work\Abdulla_Job\POE_Project\POE_Sheet.SchDoc with E_PAD from POE_Schlib.SchLib
Replace Part E? E_PAD in E:\work\Abdulla_Job\POE_Project\POE_Sheet.SchDoc with E_PAD from POE_Schlib.SchLib
Replace Part E? E_PAD in E:\work\Abdulla_Job\POE_Project\POE_Sheet.SchDoc with E_PAD from POE_Schlib.SchLib
Replace Part E? E_PAD in E:\work\Abdulla_Job\POE_Project\POE_Sheet.SchDoc with E_PAD from POE_Schlib.SchLib
Replace Part ISO? PS2913-1-K-A in E:\work\Abdulla_Job\POE_Project\POE_Sheet.SchDoc with PS2913-1-K-A from POE_Schlib.SchLib
Replace Part ISO? PS2913-1-K-A in E:\work\Abdulla_Job\POE_Project\POE_Sheet.SchDoc with PS2913-1-K-A from POE_Schlib.SchLib
Replace Part J? 1-2301994-2 in E:\work\Abdulla_Job\POE_Project\POE_Sheet.SchDoc with 1-2301994-2 from POE_Schlib.SchLib
Replace Part L? IHLP2525CZER8R2M01 in E:\work\Abdulla_Job\POE_Project\POE_Sheet.SchDoc with IHLP2525CZER8R2M01 from POE_Schlib.SchLib
Replace Part Q? FDC2612 in E:\work\Abdulla_Job\POE_Project\POE_Sheet.SchDoc with FDC2612 from POE_Schlib.SchLib
Replace Part R? ERA-2AED682X in E:\work\Abdulla_Job\POE_Project\POE_Sheet.SchDoc with ERA-2AED682X from POE_Schlib.SchLib
Replace Part R? ERJ-2BWFR050X in E:\work\Abdulla_Job\POE_Project\POE_Sheet.SchDoc with ERJ-2BWFR050X from POE_Schlib.SchLib
Replace Part R? RC0402FR-0710KL in E:\work\Abdulla_Job\POE_Project\POE_Sheet.SchDoc with RC0402FR-0710KL from POE_Schlib.SchLib
Replace Part R? ERA-2AEB104X in E:\work\Abdulla_Job\POE_Project\POE_Sheet.SchDoc with ERA-2AEB104X from POE_Schlib.SchLib
Replace Part R? RP73PF1E45R3BTD in E:\work\Abdulla_Job\POE_Project\POE_Sheet.SchDoc with RP73PF1E45R3BTD from POE_Schlib.SchLib
Replace Part R? RC0402FR-07100RL in E:\work\Abdulla_Job\POE_Project\POE_Sheet.SchDoc with RC0402FR-07100RL from POE_Schlib.SchLib
Replace Part R? RC0402FR-07100RL in E:\work\Abdulla_Job\POE_Project\POE_Sheet.SchDoc with RC0402FR-07100RL from POE_Schlib.SchLib
Replace Part R? CRGCQ0402F220K in E:\work\Abdulla_Job\POE_Project\POE_Sheet.SchDoc with CRGCQ0402F220K from POE_Schlib.SchLib
Replace Part R? CPF0402B200KE in E:\work\Abdulla_Job\POE_Project\POE_Sheet.SchDoc with CPF0402B200KE from POE_Schlib.SchLib
Replace Part R? RN73R1ETTP3003B25 in E:\work\Abdulla_Job\POE_Project\POE_Sheet.SchDoc with RN73R1ETTP3003B25 from POE_Schlib.SchLib
Replace Part T? PA1138NLT in E:\work\Abdulla_Job\POE_Project\POE_Sheet.SchDoc with PA1138NLT from POE_Schlib.SchLib
Replace Part U? LTC4267CDHC in E:\work\Abdulla_Job\POE_Project\POE_Sheet.SchDoc with LTC4267CDHC from POE_Schlib.SchLib
Replace Part U? LT1431CS8PBF in E:\work\Abdulla_Job\POE_Project\POE_Sheet.SchDoc with LT1431CS8PBF from POE_Schlib.SchLib
