Removed Pin From Net: NetName=NetC14_2 Pin=C14-2
Removed Pin From Net: NetName=NetJ1_1 Pin=J3-P1
Removed Pin From Net: NetName=NetJ1_3 Pin=J3-P7
Removed Pin From Net: NetName=NetJ1_2 Pin=J3-P8
Removed Pin From Net: NetName=NetJ1_6 Pin=J3-P9
Removed Pin From Net: NetName=NetC14_2 Pin=U1-4
Change Component Designator: OldDesignator=J3 NewDesignator=J2
Added Component: Designator=J1(HDR1X6)
Add component. Clean all parameters for all variants
Add component (AddParameter): Name = "LatestRevisionDate"; Value = "17-Jul-2002"; VariantName = "[No Variations]"
Add component (AddParameter): Name = "LatestRevisionNote"; Value = "Re-released for DXP Platform."; VariantName = "[No Variations]"
Add component (AddParameter): Name = "Publisher"; Value = "Altium Limited"; VariantName = "[No Variations]"
Added Pin To Net: NetName=NetJ1_6 Pin=C14-2
Added Pin To Net: NetName=+12V AUX Pin=J1-1
Added Pin To Net: NetName=ISOGND Pin=J1-2
Added Pin To Net: NetName=NetJ1_2 Pin=J1-3
Added Pin To Net: NetName=NetJ1_1 Pin=J1-4
Added Pin To Net: NetName=NetJ1_5 Pin=J1-5
Added Pin To Net: NetName=NetJ1_3 Pin=J1-6
Added Pin To Net: NetName=NetJ1_2 Pin=J2-P1
Added Pin To Net: NetName=NetJ1_1 Pin=J2-P8
Added Pin To Net: NetName=NetJ1_3 Pin=J2-P9
Added Pin To Net: NetName=NetJ1_6 Pin=U1-4
Change Net Name : Old Net Name=+12V AUX New Net Name=POWER
Change Net Name : Old Net Name=ISOGND New Net Name=GROUND
Change Net Name : Old Net Name=NetC14_2 New Net Name=NetD5_C
Change Net Name : Old Net Name=NetJ1_1 New Net Name=TD-
Change Net Name : Old Net Name=NetJ1_2 New Net Name=TD+
Change Net Name : Old Net Name=NetJ1_3 New Net Name=RD-
Change Net Name : Old Net Name=NetJ1_5 New Net Name=RD+
Change Net Name : Old Net Name=NetJ1_6 New Net Name=NetC14_2
Added Member To Class: ClassName=POE_Sheet Member=Component J1 Header 6
